INFO 2026-04-19 13:08:54,008 autoreload 12044 12332 Watching for file changes with StatReloader
INFO 2026-04-19 23:50:26,951 autoreload 9108 3760 Watching for file changes with StatReloader
INFO 2026-04-19 23:59:10,080 autoreload 8140 8000 Watching for file changes with StatReloader
INFO 2026-04-20 00:00:02,131 autoreload 8140 8000 C:\Users\elish\OneDrive\Desktop\PROJECTS\global_work_marketplace\apps\tasks\models.py changed, reloading.
INFO 2026-04-20 00:00:16,409 autoreload 12392 14104 Watching for file changes with StatReloader
INFO 2026-04-20 00:06:31,403 autoreload 11224 11668 Watching for file changes with StatReloader
INFO 2026-04-20 00:09:32,117 log 11224 1560 "GET / HTTP/1.1" 302 0
INFO 2026-04-20 00:09:32,521 log 11224 1560 "GET /super-admin/ HTTP/1.1" 302 0
INFO 2026-04-20 00:09:33,778 log 11224 1560 "GET /django-admin/login/?next=/super-admin/ HTTP/1.1" 200 4126
INFO 2026-04-20 00:09:34,949 log 11224 1560 "GET /static/admin/css/base.css HTTP/1.1" 200 23100
INFO 2026-04-20 00:09:34,950 log 11224 8836 "GET /static/admin/css/dark_mode.css HTTP/1.1" 200 3538
INFO 2026-04-20 00:09:35,053 log 11224 4160 "GET /static/admin/css/login.css HTTP/1.1" 200 951
INFO 2026-04-20 00:09:35,099 log 11224 4056 "GET /static/admin/css/responsive.css HTTP/1.1" 200 16273
INFO 2026-04-20 00:09:35,117 log 11224 4936 "GET /static/admin/css/nav_sidebar.css HTTP/1.1" 200 2810
INFO 2026-04-20 00:09:35,236 log 11224 7924 "GET /static/admin/js/theme.js HTTP/1.1" 200 1653
INFO 2026-04-20 00:09:35,353 log 11224 4936 "GET /static/admin/js/nav_sidebar.js HTTP/1.1" 200 3063
WARNING 2026-04-20 00:09:35,723 log 11224 4936 Not Found: /favicon.ico
WARNING 2026-04-20 00:09:35,725 log 11224 4936 "GET /favicon.ico HTTP/1.1" 404 5641
INFO 2026-04-20 00:09:56,240 log 11224 4936 "POST /django-admin/login/?next=/super-admin/ HTTP/1.1" 200 4291
INFO 2026-04-20 00:10:18,280 log 11224 4936 "POST /django-admin/login/?next=/super-admin/ HTTP/1.1" 302 0
ERROR 2026-04-20 00:10:18,980 log 11224 4936 Internal Server Error: /super-admin/
Traceback (most recent call last):
  File "C:\Users\elish\OneDrive\Desktop\PROJECTS\venv\Lib\site-packages\django\db\backends\utils.py", line 105, in _execute
    return self.cursor.execute(sql, params)
           ~~~~~~~~~~~~~~~~~~~^^^^^^^^^^^^^
  File "C:\Users\elish\OneDrive\Desktop\PROJECTS\venv\Lib\site-packages\django\db\backends\sqlite3\base.py", line 359, in execute
    return super().execute(query, params)
           ~~~~~~~~~~~~~~~^^^^^^^^^^^^^^^
sqlite3.OperationalError: no such table: payments_transaction

The above exception was the direct cause of the following exception:

Traceback (most recent call last):
  File "C:\Users\elish\OneDrive\Desktop\PROJECTS\venv\Lib\site-packages\django\core\handlers\exception.py", line 55, in inner
    response = get_response(request)
  File "C:\Users\elish\OneDrive\Desktop\PROJECTS\venv\Lib\site-packages\django\core\handlers\base.py", line 198, in _get_response
    response = wrapped_callback(request, *callback_args, **callback_kwargs)
  File "C:\Users\elish\OneDrive\Desktop\PROJECTS\venv\Lib\site-packages\django\views\generic\base.py", line 106, in view
    return self.dispatch(request, *args, **kwargs)
           ~~~~~~~~~~~~~^^^^^^^^^^^^^^^^^^^^^^^^^^
  File "C:\Users\elish\OneDrive\Desktop\PROJECTS\venv\Lib\site-packages\django\utils\decorators.py", line 48, in _wrapper
    return bound_method(*args, **kwargs)
  File "C:\Users\elish\OneDrive\Desktop\PROJECTS\venv\Lib\site-packages\django\contrib\auth\decorators.py", line 59, in _view_wrapper
    return view_func(request, *args, **kwargs)
  File "C:\Users\elish\OneDrive\Desktop\PROJECTS\venv\Lib\site-packages\django\views\generic\base.py", line 145, in dispatch
    return handler(request, *args, **kwargs)
  File "C:\Users\elish\OneDrive\Desktop\PROJECTS\global_work_marketplace\apps\super_admin\views.py", line 78, in get
    context = self.get_context_data()
  File "C:\Users\elish\OneDrive\Desktop\PROJECTS\global_work_marketplace\apps\super_admin\views.py", line 94, in get_context_data
    'total_volume': Transaction.objects.filter(status='completed').aggregate(Sum('amount_sats'))['amount_sats__sum'] or 0,
                    ~~~~~~~~~~~~~~~~~~~~~~~~~~~~~~~~~~~~~~~~~~~~~~~~~~~~~~~~^^^^^^^^^^^^^^^^^^^^
  File "C:\Users\elish\OneDrive\Desktop\PROJECTS\venv\Lib\site-packages\django\db\models\query.py", line 594, in aggregate
    return self.query.chain().get_aggregation(self.db, kwargs)
           ~~~~~~~~~~~~~~~~~~~~~~~~~~~~~~~~~~^^^^^^^^^^^^^^^^^
  File "C:\Users\elish\OneDrive\Desktop\PROJECTS\venv\Lib\site-packages\django\db\models\sql\query.py", line 638, in get_aggregation
    result = compiler.execute_sql(SINGLE)
  File "C:\Users\elish\OneDrive\Desktop\PROJECTS\venv\Lib\site-packages\django\db\models\sql\compiler.py", line 1624, in execute_sql
    cursor.execute(sql, params)
    ~~~~~~~~~~~~~~^^^^^^^^^^^^^
  File "C:\Users\elish\OneDrive\Desktop\PROJECTS\venv\Lib\site-packages\django\db\backends\utils.py", line 122, in execute
    return super().execute(sql, params)
           ~~~~~~~~~~~~~~~^^^^^^^^^^^^^
  File "C:\Users\elish\OneDrive\Desktop\PROJECTS\venv\Lib\site-packages\django\db\backends\utils.py", line 79, in execute
    return self._execute_with_wrappers(
           ~~~~~~~~~~~~~~~~~~~~~~~~~~~^
        sql, params, many=False, executor=self._execute
        ^^^^^^^^^^^^^^^^^^^^^^^^^^^^^^^^^^^^^^^^^^^^^^^
    )
    ^
  File "C:\Users\elish\OneDrive\Desktop\PROJECTS\venv\Lib\site-packages\django\db\backends\utils.py", line 92, in _execute_with_wrappers
    return executor(sql, params, many, context)
  File "C:\Users\elish\OneDrive\Desktop\PROJECTS\venv\Lib\site-packages\django\db\backends\utils.py", line 100, in _execute
    with self.db.wrap_database_errors:
         ^^^^^^^^^^^^^^^^^^^^^^^^^^^^
  File "C:\Users\elish\OneDrive\Desktop\PROJECTS\venv\Lib\site-packages\django\db\utils.py", line 94, in __exit__
    raise dj_exc_value.with_traceback(traceback) from exc_value
  File "C:\Users\elish\OneDrive\Desktop\PROJECTS\venv\Lib\site-packages\django\db\backends\utils.py", line 105, in _execute
    return self.cursor.execute(sql, params)
           ~~~~~~~~~~~~~~~~~~~^^^^^^^^^^^^^
  File "C:\Users\elish\OneDrive\Desktop\PROJECTS\venv\Lib\site-packages\django\db\backends\sqlite3\base.py", line 359, in execute
    return super().execute(query, params)
           ~~~~~~~~~~~~~~~^^^^^^^^^^^^^^^
django.db.utils.OperationalError: no such table: payments_transaction
ERROR 2026-04-20 00:10:19,392 log 11224 4936 "GET /super-admin/ HTTP/1.1" 500 165545
INFO 2026-04-20 00:14:19,597 autoreload 12824 7152 Watching for file changes with StatReloader
INFO 2026-04-20 00:15:44,354 log 12824 6848 "GET / HTTP/1.1" 302 0
ERROR 2026-04-20 00:15:44,744 log 12824 6848 Internal Server Error: /super-admin/
Traceback (most recent call last):
  File "C:\Users\elish\OneDrive\Desktop\PROJECTS\venv\Lib\site-packages\django\db\backends\utils.py", line 105, in _execute
    return self.cursor.execute(sql, params)
           ~~~~~~~~~~~~~~~~~~~^^^^^^^^^^^^^
  File "C:\Users\elish\OneDrive\Desktop\PROJECTS\venv\Lib\site-packages\django\db\backends\sqlite3\base.py", line 359, in execute
    return super().execute(query, params)
           ~~~~~~~~~~~~~~~^^^^^^^^^^^^^^^
sqlite3.OperationalError: no such table: payments_transaction

The above exception was the direct cause of the following exception:

Traceback (most recent call last):
  File "C:\Users\elish\OneDrive\Desktop\PROJECTS\venv\Lib\site-packages\django\core\handlers\exception.py", line 55, in inner
    response = get_response(request)
  File "C:\Users\elish\OneDrive\Desktop\PROJECTS\venv\Lib\site-packages\django\core\handlers\base.py", line 198, in _get_response
    response = wrapped_callback(request, *callback_args, **callback_kwargs)
  File "C:\Users\elish\OneDrive\Desktop\PROJECTS\venv\Lib\site-packages\django\views\generic\base.py", line 106, in view
    return self.dispatch(request, *args, **kwargs)
           ~~~~~~~~~~~~~^^^^^^^^^^^^^^^^^^^^^^^^^^
  File "C:\Users\elish\OneDrive\Desktop\PROJECTS\venv\Lib\site-packages\django\utils\decorators.py", line 48, in _wrapper
    return bound_method(*args, **kwargs)
  File "C:\Users\elish\OneDrive\Desktop\PROJECTS\venv\Lib\site-packages\django\contrib\auth\decorators.py", line 59, in _view_wrapper
    return view_func(request, *args, **kwargs)
  File "C:\Users\elish\OneDrive\Desktop\PROJECTS\venv\Lib\site-packages\django\views\generic\base.py", line 145, in dispatch
    return handler(request, *args, **kwargs)
  File "C:\Users\elish\OneDrive\Desktop\PROJECTS\global_work_marketplace\apps\super_admin\views.py", line 78, in get
    context = self.get_context_data()
  File "C:\Users\elish\OneDrive\Desktop\PROJECTS\global_work_marketplace\apps\super_admin\views.py", line 94, in get_context_data
    'total_volume': Transaction.objects.filter(status='completed').aggregate(Sum('amount_sats'))['amount_sats__sum'] or 0,
                    ~~~~~~~~~~~~~~~~~~~~~~~~~~~~~~~~~~~~~~~~~~~~~~~~~~~~~~~~^^^^^^^^^^^^^^^^^^^^
  File "C:\Users\elish\OneDrive\Desktop\PROJECTS\venv\Lib\site-packages\django\db\models\query.py", line 594, in aggregate
    return self.query.chain().get_aggregation(self.db, kwargs)
           ~~~~~~~~~~~~~~~~~~~~~~~~~~~~~~~~~~^^^^^^^^^^^^^^^^^
  File "C:\Users\elish\OneDrive\Desktop\PROJECTS\venv\Lib\site-packages\django\db\models\sql\query.py", line 638, in get_aggregation
    result = compiler.execute_sql(SINGLE)
  File "C:\Users\elish\OneDrive\Desktop\PROJECTS\venv\Lib\site-packages\django\db\models\sql\compiler.py", line 1624, in execute_sql
    cursor.execute(sql, params)
    ~~~~~~~~~~~~~~^^^^^^^^^^^^^
  File "C:\Users\elish\OneDrive\Desktop\PROJECTS\venv\Lib\site-packages\django\db\backends\utils.py", line 122, in execute
    return super().execute(sql, params)
           ~~~~~~~~~~~~~~~^^^^^^^^^^^^^
  File "C:\Users\elish\OneDrive\Desktop\PROJECTS\venv\Lib\site-packages\django\db\backends\utils.py", line 79, in execute
    return self._execute_with_wrappers(
           ~~~~~~~~~~~~~~~~~~~~~~~~~~~^
        sql, params, many=False, executor=self._execute
        ^^^^^^^^^^^^^^^^^^^^^^^^^^^^^^^^^^^^^^^^^^^^^^^
    )
    ^
  File "C:\Users\elish\OneDrive\Desktop\PROJECTS\venv\Lib\site-packages\django\db\backends\utils.py", line 92, in _execute_with_wrappers
    return executor(sql, params, many, context)
  File "C:\Users\elish\OneDrive\Desktop\PROJECTS\venv\Lib\site-packages\django\db\backends\utils.py", line 100, in _execute
    with self.db.wrap_database_errors:
         ^^^^^^^^^^^^^^^^^^^^^^^^^^^^
  File "C:\Users\elish\OneDrive\Desktop\PROJECTS\venv\Lib\site-packages\django\db\utils.py", line 94, in __exit__
    raise dj_exc_value.with_traceback(traceback) from exc_value
  File "C:\Users\elish\OneDrive\Desktop\PROJECTS\venv\Lib\site-packages\django\db\backends\utils.py", line 105, in _execute
    return self.cursor.execute(sql, params)
           ~~~~~~~~~~~~~~~~~~~^^^^^^^^^^^^^
  File "C:\Users\elish\OneDrive\Desktop\PROJECTS\venv\Lib\site-packages\django\db\backends\sqlite3\base.py", line 359, in execute
    return super().execute(query, params)
           ~~~~~~~~~~~~~~~^^^^^^^^^^^^^^^
django.db.utils.OperationalError: no such table: payments_transaction
ERROR 2026-04-20 00:15:44,944 log 12824 6848 "GET /super-admin/ HTTP/1.1" 500 165219
INFO 2026-04-20 00:21:05,983 autoreload 13140 13532 Watching for file changes with StatReloader
INFO 2026-04-20 00:21:17,684 log 13140 2544 "GET / HTTP/1.1" 302 0
INFO 2026-04-20 00:21:19,396 log 13140 2544 "GET /super-admin/ HTTP/1.1" 200 14413
INFO 2026-04-20 00:21:34,027 log 13140 2544 "GET /super-admin/agents/ HTTP/1.1" 200 0
INFO 2026-04-20 00:21:40,394 log 13140 2544 "GET /super-admin/payments/ HTTP/1.1" 200 0
INFO 2026-04-20 00:21:54,333 log 13140 2544 "GET /super-admin/admin-users/ HTTP/1.1" 200 0
WARNING 2026-04-20 00:22:13,716 log 13140 2544 Method Not Allowed (GET): /django-admin/logout/
WARNING 2026-04-20 00:22:13,723 log 13140 2544 "GET /django-admin/logout/ HTTP/1.1" 405 0
INFO 2026-04-20 00:22:42,930 log 13140 2544 "GET /super-admin/settings/ HTTP/1.1" 200 0
INFO 2026-04-20 00:27:06,396 log 13140 2544 "GET / HTTP/1.1" 302 0
INFO 2026-04-20 00:27:06,526 log 13140 2544 "GET /super-admin/ HTTP/1.1" 200 14413
INFO 2026-04-20 00:32:45,334 log 13140 13008 "GET /super-admin/admin-users/ HTTP/1.1" 200 0
INFO 2026-04-20 00:33:53,896 log 13140 13008 "GET /super-admin/ HTTP/1.1" 200 14893
INFO 2026-04-20 00:33:58,025 log 13140 13008 "POST /django-admin/logout/ HTTP/1.1" 200 3519
INFO 2026-04-20 00:34:04,914 log 13140 13008 "GET /django-admin/ HTTP/1.1" 302 0
INFO 2026-04-20 00:34:05,202 log 13140 13008 "GET /django-admin/login/?next=/django-admin/ HTTP/1.1" 200 4128
INFO 2026-04-20 00:37:19,126 autoreload 13140 13532 C:\Users\elish\OneDrive\Desktop\PROJECTS\global_work_marketplace\global_work_marketplace\settings.py changed, reloading.
INFO 2026-04-20 00:37:48,599 autoreload 8776 14296 Watching for file changes with StatReloader
INFO 2026-04-20 00:38:05,244 log 8776 3780 "GET / HTTP/1.1" 302 0
INFO 2026-04-20 00:38:06,639 log 8776 3780 "GET /super-admin/ HTTP/1.1" 302 0
INFO 2026-04-20 00:38:08,254 log 8776 3780 "GET /django-admin/login/?next=/super-admin/ HTTP/1.1" 200 4126
INFO 2026-04-20 00:39:54,886 autoreload 8776 14296 C:\Users\elish\OneDrive\Desktop\PROJECTS\global_work_marketplace\global_work_marketplace\settings.py changed, reloading.
INFO 2026-04-20 00:40:35,388 autoreload 1436 11732 Watching for file changes with StatReloader
INFO 2026-04-20 00:40:44,173 log 1436 9860 "GET / HTTP/1.1" 302 0
INFO 2026-04-20 00:40:44,943 log 1436 9860 "GET /super-admin/ HTTP/1.1" 302 0
INFO 2026-04-20 00:40:45,243 log 1436 9860 "GET /django-admin/login/?next=/super-admin/ HTTP/1.1" 200 4126
INFO 2026-04-20 00:44:38,006 log 1436 9860 "GET /super-admin/login/ HTTP/1.1" 200 0
INFO 2026-04-20 00:52:36,295 autoreload 1436 11732 C:\Users\elish\OneDrive\Desktop\PROJECTS\global_work_marketplace\global_work_marketplace\urls.py changed, reloading.
INFO 2026-04-20 00:53:03,640 autoreload 2240 13900 Watching for file changes with StatReloader
INFO 2026-04-20 00:53:35,785 autoreload 2240 13900 C:\Users\elish\OneDrive\Desktop\PROJECTS\global_work_marketplace\apps\common\views.py changed, reloading.
INFO 2026-04-20 00:53:53,845 autoreload 10560 12088 Watching for file changes with StatReloader
INFO 2026-04-20 00:56:11,910 autoreload 10560 12088 C:\Users\elish\OneDrive\Desktop\PROJECTS\global_work_marketplace\apps\common\views.py changed, reloading.
INFO 2026-04-20 00:56:25,921 autoreload 5708 10640 Watching for file changes with StatReloader
INFO 2026-04-20 00:56:39,929 log 5708 2440 "GET / HTTP/1.1" 200 6091
INFO 2026-04-20 00:57:47,318 log 5708 2440 "GET /super-admin/login/ HTTP/1.1" 200 0
INFO 2026-04-20 00:58:53,787 log 5708 2440 "GET /super-admin/login/ HTTP/1.1" 200 0
INFO 2026-04-20 01:00:08,272 log 5708 2440 "GET / HTTP/1.1" 200 6068
INFO 2026-04-20 01:03:07,652 log 5708 2440 "GET / HTTP/1.1" 200 6059
WARNING 2026-04-20 01:03:13,034 log 5708 2440 Method Not Allowed (GET): /accounts/login/
WARNING 2026-04-20 01:03:13,045 log 5708 2440 "GET /accounts/login/ HTTP/1.1" 405 0
INFO 2026-04-20 01:06:31,601 autoreload 5708 10640 C:\Users\elish\OneDrive\Desktop\PROJECTS\global_work_marketplace\apps\accounts\views.py changed, reloading.
INFO 2026-04-20 01:06:47,314 autoreload 12068 11132 Watching for file changes with StatReloader
INFO 2026-04-20 01:06:58,563 log 12068 12616 "GET / HTTP/1.1" 200 6059
INFO 2026-04-20 01:07:05,411 log 12068 12616 "GET /accounts/login/ HTTP/1.1" 200 11414
WARNING 2026-04-20 01:07:05,881 log 12068 12616 "GET /static/images/google-icon.svg HTTP/1.1" 404 1993
WARNING 2026-04-20 01:07:05,882 log 12068 11144 "GET /static/images/github-icon.svg HTTP/1.1" 404 1993
INFO 2026-04-20 01:10:56,333 log 12068 2868 "GET /accounts/register/ HTTP/1.1" 200 20113
INFO 2026-04-20 01:11:01,926 log 12068 2868 "GET /accounts/login/ HTTP/1.1" 200 11414
WARNING 2026-04-20 01:11:02,075 log 12068 2868 "GET /static/images/google-icon.svg HTTP/1.1" 404 1993
WARNING 2026-04-20 01:11:02,077 log 12068 12328 "GET /static/images/github-icon.svg HTTP/1.1" 404 1993
INFO 2026-04-20 01:11:19,128 log 12068 4004 "POST /accounts/login/ HTTP/1.1" 302 0
INFO 2026-04-20 01:11:19,386 log 12068 4004 "GET /super-admin/ HTTP/1.1" 200 14893
INFO 2026-04-20 01:11:22,729 log 12068 4004 "POST /django-admin/logout/ HTTP/1.1" 302 0
INFO 2026-04-20 01:11:23,415 log 12068 4004 "GET /django-admin/login/ HTTP/1.1" 200 4108
WARNING 2026-04-20 01:13:50,580 log 12068 11872 Forbidden (CSRF token from POST incorrect.): /accounts/login/
WARNING 2026-04-20 01:13:50,586 log 12068 11872 "POST /accounts/login/ HTTP/1.1" 403 2503
INFO 2026-04-20 01:16:07,944 log 12068 11872 "GET / HTTP/1.1" 200 6059
INFO 2026-04-20 01:19:31,112 log 12068 11224 "GET /accounts/login/ HTTP/1.1" 200 38262
INFO 2026-04-20 01:20:14,488 log 12068 14308 "POST /accounts/login/ HTTP/1.1" 302 0
INFO 2026-04-20 01:20:15,015 log 12068 14308 "GET /super-admin/ HTTP/1.1" 200 14893
INFO 2026-04-20 01:20:43,770 log 12068 14308 "POST /django-admin/logout/ HTTP/1.1" 302 0
INFO 2026-04-20 01:20:43,872 log 12068 14308 "GET /django-admin/login/ HTTP/1.1" 200 4108
INFO 2026-04-20 01:21:32,488 log 12068 14308 "GET / HTTP/1.1" 200 6059
INFO 2026-04-20 01:21:38,431 log 12068 14308 "GET /accounts/login/ HTTP/1.1" 200 38262
INFO 2026-04-20 01:25:19,416 log 12068 14308 "GET /accounts/register/ HTTP/1.1" 200 42044
INFO 2026-04-20 01:26:57,071 log 12068 14308 "GET /accounts/login/ HTTP/1.1" 200 38262
INFO 2026-04-20 01:27:39,723 log 12068 14308 "GET /accounts/register/ HTTP/1.1" 200 42044
WARNING 2026-04-20 01:29:02,093 log 12068 14308 Not Found: /.well-known/appspecific/com.chrome.devtools.json
WARNING 2026-04-20 01:29:02,173 log 12068 14308 "GET /.well-known/appspecific/com.chrome.devtools.json HTTP/1.1" 404 5768
INFO 2026-04-20 01:31:32,449 log 12068 14308 "GET /accounts/login/ HTTP/1.1" 200 38262
WARNING 2026-04-20 01:31:32,790 log 12068 14308 Not Found: /.well-known/appspecific/com.chrome.devtools.json
WARNING 2026-04-20 01:31:33,021 log 12068 14308 "GET /.well-known/appspecific/com.chrome.devtools.json HTTP/1.1" 404 5768
INFO 2026-04-20 01:31:53,665 log 12068 14308 "POST /accounts/login/ HTTP/1.1" 302 0
INFO 2026-04-20 01:31:53,882 log 12068 14308 "GET /super-admin/ HTTP/1.1" 200 14893
INFO 2026-04-20 01:32:37,908 autoreload 6592 3672 Watching for file changes with StatReloader
INFO 2026-04-20 01:35:07,983 log 6592 11512 "GET / HTTP/1.1" 200 6059
INFO 2026-04-20 01:35:13,776 log 6592 11512 "GET /accounts/login/ HTTP/1.1" 302 0
INFO 2026-04-20 01:35:14,213 log 6592 11512 "GET /super-admin/ HTTP/1.1" 200 14893
INFO 2026-04-20 01:44:27,782 log 6592 14176 "GET / HTTP/1.1" 200 6059
INFO 2026-04-20 01:44:34,918 log 6592 14176 "GET /accounts/login/ HTTP/1.1" 302 0
INFO 2026-04-20 01:44:35,353 log 6592 14176 "GET /super-admin/ HTTP/1.1" 200 25765
INFO 2026-04-20 01:45:56,511 log 6592 14176 "GET /super-admin/ HTTP/1.1" 200 25749
INFO 2026-04-20 01:46:12,972 log 6592 14176 "GET /super-admin/ HTTP/1.1" 200 25765
INFO 2026-04-20 01:46:52,875 log 6592 14176 "GET /super-admin/ HTTP/1.1" 200 29256
INFO 2026-04-20 01:47:12,060 log 6592 14176 "POST /django-admin/logout/ HTTP/1.1" 302 0
INFO 2026-04-20 01:47:12,092 log 6592 14176 "GET / HTTP/1.1" 200 6059
INFO 2026-04-20 01:47:22,294 log 6592 14176 "GET /accounts/login/ HTTP/1.1" 200 38262
INFO 2026-04-20 01:47:31,081 log 6592 14176 "GET /accounts/register/ HTTP/1.1" 200 40362
INFO 2026-04-20 01:51:12,599 log 6592 3644 "POST /accounts/register/ HTTP/1.1" 200 40362
INFO 2026-04-20 01:51:21,605 log 6592 3644 "GET /accounts/login/ HTTP/1.1" 200 38262
INFO 2026-04-20 01:52:00,121 log 6592 3644 "POST /accounts/login/ HTTP/1.1" 302 0
INFO 2026-04-20 01:52:00,140 log 6592 3644 "GET /accounts/login/ HTTP/1.1" 200 38635
INFO 2026-04-20 01:52:47,267 log 6592 3644 "POST /accounts/login/ HTTP/1.1" 302 0
INFO 2026-04-20 01:52:47,342 log 6592 3644 "GET /accounts/login/ HTTP/1.1" 200 38635
INFO 2026-04-20 01:53:11,038 log 6592 3644 "GET /accounts/register/ HTTP/1.1" 200 40362
INFO 2026-04-20 01:53:20,933 log 6592 3644 "GET /accounts/login/ HTTP/1.1" 200 38262
INFO 2026-04-20 01:54:08,036 log 6592 3644 "POST /accounts/login/ HTTP/1.1" 302 0
INFO 2026-04-20 01:54:08,062 log 6592 3644 "GET /accounts/login/ HTTP/1.1" 200 38635
WARNING 2026-04-20 01:54:30,074 log 6592 3644 Not Found: /.well-known/appspecific/com.chrome.devtools.json
WARNING 2026-04-20 01:54:30,183 log 6592 3644 "GET /.well-known/appspecific/com.chrome.devtools.json HTTP/1.1" 404 5768
INFO 2026-04-20 02:03:06,600 log 6592 13736 "GET /accounts/login/ HTTP/1.1" 200 25012
INFO 2026-04-20 02:03:27,267 log 6592 13736 "GET /accounts/login/ HTTP/1.1" 200 38262
INFO 2026-04-20 02:06:36,165 log 6592 13736 "POST /accounts/login/ HTTP/1.1" 302 0
INFO 2026-04-20 02:06:36,178 log 6592 13736 "GET /accounts/login/ HTTP/1.1" 200 38635
INFO 2026-04-20 02:07:49,276 log 6592 13736 "GET /accounts/login/ HTTP/1.1" 200 55114
WARNING 2026-04-20 02:08:00,161 log 6592 13736 Not Found: /accounts/social/google/
WARNING 2026-04-20 02:08:00,162 log 6592 13736 "GET /accounts/social/google/ HTTP/1.1" 404 10893
INFO 2026-04-20 02:08:31,717 log 6592 13736 "POST /accounts/login/ HTTP/1.1" 302 0
INFO 2026-04-20 02:08:33,247 log 6592 13736 "GET /super-admin/ HTTP/1.1" 200 29256
INFO 2026-04-20 02:08:42,622 log 6592 13736 "POST /django-admin/logout/ HTTP/1.1" 302 0
INFO 2026-04-20 02:08:42,773 log 6592 13736 "GET / HTTP/1.1" 200 6059
INFO 2026-04-20 02:10:10,581 log 6592 13736 "GET / HTTP/1.1" 200 23317
INFO 2026-04-20 02:14:51,932 log 6592 13736 "GET / HTTP/1.1" 200 30132
INFO 2026-04-20 02:16:21,642 log 6592 13736 "GET / HTTP/1.1" 200 27688
INFO 2026-04-20 02:16:40,885 log 6592 13736 "GET /accounts/login/ HTTP/1.1" 200 55114
INFO 2026-04-20 02:17:19,233 log 6592 13736 "GET /accounts/register/ HTTP/1.1" 200 40362
INFO 2026-04-20 02:17:37,730 log 6592 13736 "GET /accounts/login/ HTTP/1.1" 200 55114
WARNING 2026-04-20 02:18:14,509 log 6592 13736 Not Found: /about
WARNING 2026-04-20 02:18:14,512 log 6592 13736 "GET /about HTTP/1.1" 404 5639
INFO 2026-04-20 02:18:29,571 log 6592 13736 "GET /accounts/register/ HTTP/1.1" 200 40362
WARNING 2026-04-20 02:19:17,150 log 6592 5944 Not Found: /support
WARNING 2026-04-20 02:19:17,168 log 6592 5944 "GET /support HTTP/1.1" 404 5645
WARNING 2026-04-20 02:19:34,901 log 6592 5944 Not Found: /careers
WARNING 2026-04-20 02:19:34,903 log 6592 5944 "GET /careers HTTP/1.1" 404 5645
WARNING 2026-04-20 02:19:42,804 log 6592 5944 Not Found: /contact
WARNING 2026-04-20 02:19:42,807 log 6592 5944 "GET /contact HTTP/1.1" 404 5645
WARNING 2026-04-20 02:20:17,636 log 6592 5944 Not Found: /admin
WARNING 2026-04-20 02:20:17,637 log 6592 5944 "GET /admin HTTP/1.1" 404 5639
INFO 2026-04-20 04:04:28,803 autoreload 11412 13776 Watching for file changes with StatReloader
INFO 2026-04-20 04:05:15,501 log 11412 13720 "GET / HTTP/1.1" 200 27688
INFO 2026-04-20 04:05:20,643 log 11412 13720 "GET /accounts/login/ HTTP/1.1" 200 55114
INFO 2026-04-20 04:05:57,056 log 11412 13720 "POST /accounts/login/ HTTP/1.1" 302 0
INFO 2026-04-20 04:06:01,183 log 11412 13720 "GET /super-admin/ HTTP/1.1" 200 29256
INFO 2026-04-20 04:06:18,940 log 11412 13720 "POST /django-admin/logout/ HTTP/1.1" 302 0
INFO 2026-04-20 04:06:19,381 log 11412 13720 "GET / HTTP/1.1" 200 27688
